<?xml version="1.0" encoding="UTF-8"?>
<testsuite xmlns:xsi="http://www.w3.org/2001/XMLSchema-instance" xsi:noNamespaceSchemaLocation="https://maven.apache.org/surefire/maven-surefire-plugin/xsd/surefire-test-report-3.0.xsd" version="3.0" name="Flight Booking Reservation" time="6.632" tests="1" errors="0" skipped="0" failures="0">
  <properties>
[...]
</properties>
  <testcase name="Complete flight booking with coupon and location selection" classname="Flight Booking Reservation" time="6.548">
    <system-out><![CDATA[
Scenario: Complete flight booking with coupon and location selection                              &amp#27;[90m# src/test/resources/features/play.feature:3&amp#27;[0m
✓ User navigated to flight booking application
  &amp#27;[32mGiven &amp#27;[0m&amp#27;[32mUser navigates to flight booking application&amp#27;[0m                                              &amp#27;[90m# com.example.steps.PlaySteps.user_navigates_to_flight_booking_app()&amp#27;[0m
✓ Iframe found on page
✓ Switched to iframe context
✓ Coupon Button Found - Value: Coupon: SAVE50
✓ Coupon button clicked successfully
⚠ Error handling coupon button: unexpected alert open: {Alert text : Coupon Code: SAVE50 copied to clipboard!}
  (Session info: chrome=146.0.7680.178): Coupon Code: SAVE50 copied to clipboard!
Build info: version: '4.41.0', revision: '9fc754f'
System info: os.name: 'Windows 11', os.arch: 'amd64', os.version: '10.0', java.version: '21.0.9'
Driver info: org.openqa.selenium.chrome.ChromeDriver
Command: [bcfda0c7743a4966c3756df32303b4ea, switchToFrame {id=null}]
Capabilities {acceptInsecureCerts: false, browserName: chrome, browserVersion: 146.0.7680.178, chrome: {chromedriverVersion: 146.0.7680.165 (4b989da09e1..., userDataDir: C:\Users\JHEMAL~1\AppData\L...}, fedcm:accounts: true, goog:chromeOptions: {debuggerAddress: localhost:56845}, goog:processID: 15000, networkConnectionEnabled: false, pageLoadStrategy: normal, platformName: windows, proxy: Proxy(), se:cdp: ws://localhost:56845/devtoo..., se:cdpVersion: 146.0.7680.178, setWindowRect: true, strictFileInteractability: false, timeouts: {implicit: 0, pageLoad: 300000, script: 30000}, unhandledPromptBehavior: dismiss and notify, webauthn:extension:credBlob: true, webauthn:extension:largeBlob: true, webauthn:extension:minPinLength: true, webauthn:extension:prf: true, webauthn:virtualAuthenticators: true}
Session ID: bcfda0c7743a4966c3756df32303b4ea
  &amp#27;[32mWhen &amp#27;[0m&amp#27;[32mUser finds and clicks the coupon button inside iframe on the right side and gets its value&amp#27;[0m &amp#27;[90m# com.example.steps.PlaySteps.user_clicks_coupon_button_in_iframe()&amp#27;[0m
✓ From field found
✓ 'Place 4' entered in From field
  &amp#27;[32mAnd &amp#27;[0m&amp#27;[32mUser selects Place 4 value from the From field in Welcome Aboard section&amp#27;[0m                    &amp#27;[90m# com.example.steps.PlaySteps.user_selects_from_field()&amp#27;[0m
✓ Search Flight button found
✓ Search Flight button clicked
  &amp#27;[32mThen &amp#27;[0m&amp#27;[32mUser clicks the Search Flight button&amp#27;[0m                                                       &amp#27;[90m# com.example.steps.PlaySteps.user_clicks_search_flight_button()&amp#27;[0m
✓ Flight search results verification completed
✓ Test scenario completed successfully
✓ Browser closed
  &amp#27;[32mAnd &amp#27;[0m&amp#27;[32mUser verifies the flight search results are displayed&amp#27;[0m                                       &amp#27;[90m# com.example.steps.PlaySteps.user_verifies_search_results()&amp#27;[0m
]]></system-out>
    <system-err><![CDATA[SLF4J(W): No SLF4J providers were found.
SLF4J(W): Defaulting to no-operation (NOP) logger implementation
SLF4J(W): See https://www.slf4j.org/codes.html#noProviders for further details.
Apr 07, 2026 10:40:23 AM org.openqa.selenium.devtools.CdpVersionFinder findNearestMatch
WARNING: Unable to find an exact match for CDP version 146, returning the closest version; found: 145; Please update to a Selenium version that supports CDP version 146
]]></system-err>
  </testcase>
</testsuite>